Command line:
   PingPong_isim_beh.exe
     -simmode  gui
     -simrunnum  0
     -socket  64591

Tue Dec 07 13:09:16 2021


 Elaboration Time: 0.015625 sec

 Current Memory Usage: 5151.36 Meg

 Total Signals          : 84
 Total Nets             : 116
 Total Signal Drivers   : 45
 Total Blocks           : 8
 Total Primitive Blocks : 6
 Total Processes        : 41
 Total Traceable Variables  : 40
 Total Scalar Nets and Variables : 293
Total Line Count : 152

 Total Simulation Time: 3.29688 sec

 Current Memory Usage: 4679.5 Meg

Tue Dec 07 13:15:33 2021

